build/app/intermediates/manifest_merge_blame_file/release/manifest-merger-blame-release-report.txt
1<?xml version="1.0" encoding="utf-8"?>
2<manifest xmlns:android="http://schemas.android.com/apk/res/android"
3    package="com.haraj.alshamal"
4    android:versionCode="9"
5    android:versionName="1.9.0" >
6
7    <uses-sdk
8        android:minSdkVersion="21"
8-->src\main\AndroidManifest.xml
9        android:targetSdkVersion="29" />
9-->src\main\AndroidManifest.xml
10    <!--
11         io.flutter.app.FlutterApplication is an android.app.Application that
12         calls FlutterMain.startInitialization(this); in its onCreate method.
13         In most cases you can leave this as-is, but you if you want to provide
14         additional functionality it is fine to subclass or reimplement
15         FlutterApplication and put your custom class here.
16    -->
17
18    <uses-permission android:name="android.permission.INTERNET" />
18-->src\main\AndroidManifest.xml:9:5-67
18-->src\main\AndroidManifest.xml:9:22-64
19    <uses-permission android:name="android.permission.WRITE_EXTERNAL_STORAGE" />
19-->src\main\AndroidManifest.xml:10:5-81
19-->src\main\AndroidManifest.xml:10:22-78
20    <uses-permission android:name="android.permission.READ_EXTERNAL_STORAGE" />
20-->src\main\AndroidManifest.xml:11:5-80
20-->src\main\AndroidManifest.xml:11:22-77
21    <uses-permission android:name="android.permission.VIBRATE" />
21-->src\main\AndroidManifest.xml:12:5-66
21-->src\main\AndroidManifest.xml:12:22-63
22    <uses-permission android:name="android.permission.RECEIVE_BOOT_COMPLETED" />
22-->src\main\AndroidManifest.xml:13:5-80
22-->src\main\AndroidManifest.xml:13:22-78
23    <uses-permission android:name="android.permission.FLASHLIGHT" />
23-->src\main\AndroidManifest.xml:14:5-69
23-->src\main\AndroidManifest.xml:14:22-66
24    <uses-permission android:name="android.permission.ACCESS_FINE_LOCATION" />
24-->[:geolocator] AndroidManifest.xml:7:5-79
24-->[:geolocator] AndroidManifest.xml:7:22-76
25    <uses-permission android:name="android.permission.CAMERA" />
25-->[:camera] AndroidManifest.xml:7:5-65
25-->[:camera] AndroidManifest.xml:7:22-62
26    <uses-permission android:name="android.permission.RECORD_AUDIO" />
26-->[:camera] AndroidManifest.xml:8:5-71
26-->[:camera] AndroidManifest.xml:8:22-68
27    <uses-permission android:name="android.permission.ACCESS_NETWORK_STATE" />
27-->[:connectivity] AndroidManifest.xml:7:5-79
27-->[:connectivity] AndroidManifest.xml:7:22-76
28    <uses-permission android:name="android.permission.ACCESS_WIFI_STATE" />
28-->[:connectivity] AndroidManifest.xml:8:5-76
28-->[:connectivity] AndroidManifest.xml:8:22-73
29    <uses-permission android:name="android.permission.WAKE_LOCK" /> <!-- Required by older versions of Google Play services to create IID tokens -->
29-->[com.google.android.gms:play-services-measurement-api:17.4.1] AndroidManifest.xml:24:5-68
29-->[com.google.android.gms:play-services-measurement-api:17.4.1] AndroidManifest.xml:24:22-65
30    <uses-permission android:name="com.google.android.c2dm.permission.RECEIVE" />
30-->[com.google.firebase:firebase-iid:20.1.7] AndroidManifest.xml:26:5-82
30-->[com.google.firebase:firebase-iid:20.1.7] AndroidManifest.xml:26:22-79
31    <uses-permission android:name="com.google.android.finsky.permission.BIND_GET_INSTALL_REFERRER_SERVICE" />
31-->[com.google.android.gms:play-services-measurement:17.4.1] AndroidManifest.xml:26:5-110
31-->[com.google.android.gms:play-services-measurement:17.4.1] AndroidManifest.xml:26:22-107
32    <uses-permission android:name="com.android.vending.BILLING" />
32-->[com.android.billingclient:billing:2.0.3] AndroidManifest.xml:10:5-67
32-->[com.android.billingclient:billing:2.0.3] AndroidManifest.xml:10:22-64
33    <!--
34 android:name="io.flutter.app.FlutterApplication"
35    android:name="io.flutter.app.FlutterApplication"
36    android:name=".Application"
37    -->
38    <application
38-->src\main\AndroidManifest.xml:19:5-84:19
39        android:name="com.haraj.alshamal.Application"
39-->src\main\AndroidManifest.xml:20:9-36
40        android:appComponentFactory="androidx.core.app.CoreComponentFactory"
40-->[androidx.core:core:1.3.1] AndroidManifest.xml:24:18-86
41        android:icon="@mipmap/ic_launcher"
41-->src\main\AndroidManifest.xml:24:9-43
42        android:label="حراج الشمال"
42-->src\main\AndroidManifest.xml:23:9-36
43        android:supportsRtl="true"
43-->[com.facebook.android:facebook-login:5.5.1] AndroidManifest.xml:28:18-44
44        android:usesCleartextTraffic="true" >
44-->src\main\AndroidManifest.xml:22:9-44
45        <activity
45-->src\main\AndroidManifest.xml:25:9-49:20
46            android:name="com.haraj.alshamal.MainActivity"
46-->src\main\AndroidManifest.xml:26:13-41
47            android:configChanges="orientation|keyboardHidden|keyboard|screenSize|smallestScreenSize|locale|layoutDirection|fontScale|screenLayout|density|uiMode"
47-->src\main\AndroidManifest.xml:29:13-163
48            android:hardwareAccelerated="true"
48-->src\main\AndroidManifest.xml:30:13-47
49            android:launchMode="singleTop"
49-->src\main\AndroidManifest.xml:27:13-43
50            android:theme="@style/LaunchTheme"
50-->src\main\AndroidManifest.xml:28:13-47
51            android:windowSoftInputMode="adjustResize" >
51-->src\main\AndroidManifest.xml:31:13-55
52
53            <!--
54                 This keeps the window background of the activity showing
55                 until Flutter renders its first frame. It can be removed if
56                 there is no splash screen (such as the default splash screen
57                 defined in @style/LaunchTheme).
58            -->
59            <meta-data
59-->src\main\AndroidManifest.xml:36:13-38:40
60                android:name="io.flutter.app.android.SplashScreenUntilFirstFrame"
60-->src\main\AndroidManifest.xml:37:17-82
61                android:value="true" />
61-->src\main\AndroidManifest.xml:38:17-37
62
63            <intent-filter>
63-->src\main\AndroidManifest.xml:39:13-42:29
64                <action android:name="android.intent.action.MAIN" />
64-->src\main\AndroidManifest.xml:40:17-68
64-->src\main\AndroidManifest.xml:40:25-66
65
66                <category android:name="android.intent.category.LAUNCHER" />
66-->src\main\AndroidManifest.xml:41:17-76
66-->src\main\AndroidManifest.xml:41:27-74
67            </intent-filter>
68            <intent-filter>
68-->src\main\AndroidManifest.xml:44:13-47:29
69                <action android:name="FLUTTER_NOTIFICATION_CLICK" />
69-->src\main\AndroidManifest.xml:45:17-69
69-->src\main\AndroidManifest.xml:45:25-66
70
71                <category android:name="android.intent.category.DEFAULT" />
71-->src\main\AndroidManifest.xml:46:17-76
71-->src\main\AndroidManifest.xml:46:27-73
72            </intent-filter>
73        </activity>
74        <activity
74-->src\main\AndroidManifest.xml:50:9-58:20
75            android:name="com.braintreepayments.api.BraintreeBrowserSwitchActivity"
75-->src\main\AndroidManifest.xml:50:19-90
76            android:launchMode="singleTask" >
76-->src\main\AndroidManifest.xml:51:13-44
77            <intent-filter>
77-->src\main\AndroidManifest.xml:52:13-57:29
78                <action android:name="android.intent.action.VIEW" />
78-->src\main\AndroidManifest.xml:53:17-69
78-->src\main\AndroidManifest.xml:53:25-66
79
80                <category android:name="android.intent.category.DEFAULT" />
80-->src\main\AndroidManifest.xml:46:17-76
80-->src\main\AndroidManifest.xml:46:27-73
81                <category android:name="android.intent.category.BROWSABLE" />
81-->src\main\AndroidManifest.xml:55:17-78
81-->src\main\AndroidManifest.xml:55:27-75
82
83                <data android:scheme="com.haraj.alshamal.braintree" />
83-->src\main\AndroidManifest.xml:56:23-66
84            </intent-filter>
85        </activity>
86
87        <meta-data
87-->src\main\AndroidManifest.xml:59:9-60:46
88            android:name="com.facebook.sdk.ApplicationId"
88-->src\main\AndroidManifest.xml:59:20-65
89            android:value="@string/facebook_app_id" />
89-->src\main\AndroidManifest.xml:60:5-44
90        <!-- TODO: Replace with your real AdMob app ID -->
91        <meta-data
91-->src\main\AndroidManifest.xml:62:9-64:66
92            android:name="com.google.android.gms.ads.APPLICATION_ID"
92-->src\main\AndroidManifest.xml:63:13-69
93            android:value="@string/android__admob_ads_id_key" />
93-->src\main\AndroidManifest.xml:64:13-63
94
95        <activity
95-->src\main\AndroidManifest.xml:65:9-68:40
96            android:name="com.facebook.FacebookActivity"
96-->src\main\AndroidManifest.xml:65:19-63
97            android:configChanges="keyboard|keyboardHidden|screenLayout|screenSize|orientation"
97-->src\main\AndroidManifest.xml:66:5-101
98            android:label="@string/app_name"
98-->src\main\AndroidManifest.xml:68:5-37
99            android:theme="@style/com_facebook_activity_theme" />
99-->[com.facebook.android:facebook-common:5.5.1] AndroidManifest.xml:32:13-63
100        <activity
100-->src\main\AndroidManifest.xml:69:9-78:20
101            android:name="com.facebook.CustomTabActivity"
101-->src\main\AndroidManifest.xml:70:13-58
102            android:exported="true" >
102-->src\main\AndroidManifest.xml:71:13-36
103            <intent-filter>
103-->src\main\AndroidManifest.xml:72:13-77:29
104                <action android:name="android.intent.action.VIEW" />
104-->src\main\AndroidManifest.xml:53:17-69
104-->src\main\AndroidManifest.xml:53:25-66
105
106                <category android:name="android.intent.category.DEFAULT" />
106-->src\main\AndroidManifest.xml:46:17-76
106-->src\main\AndroidManifest.xml:46:27-73
107                <category android:name="android.intent.category.BROWSABLE" />
107-->src\main\AndroidManifest.xml:55:17-78
107-->src\main\AndroidManifest.xml:55:27-75
108
109                <data android:scheme="@string/fb_login_protocol_scheme" />
109-->src\main\AndroidManifest.xml:56:23-66
110            </intent-filter>
111        </activity>
112
113        <meta-data
113-->src\main\AndroidManifest.xml:80:9-82:33
114            android:name="flutterEmbedding"
114-->src\main\AndroidManifest.xml:81:13-44
115            android:value="2" />
115-->src\main\AndroidManifest.xml:82:13-30
116
117        <activity
117-->[:razorpay_flutter] AndroidManifest.xml:8:9-11:20
118            android:name="com.razorpay.CheckoutActivity"
118-->[:razorpay_flutter] AndroidManifest.xml:9:13-57
119            android:configChanges="keyboard|keyboardHidden|orientation|screenSize"
119-->[com.razorpay:checkout:1.5.16] AndroidManifest.xml:20:13-83
120            android:label="Razorpay Checkout"
120-->[:razorpay_flutter] AndroidManifest.xml:10:13-46
121            android:theme="@style/CheckoutTheme" >
121-->[com.razorpay:checkout:1.5.16] AndroidManifest.xml:21:13-49
122            <intent-filter>
122-->[com.razorpay:checkout:1.5.16] AndroidManifest.xml:22:13-28:29
123                <action android:name="android.intent.action.MAIN" />
123-->src\main\AndroidManifest.xml:40:17-68
123-->src\main\AndroidManifest.xml:40:25-66
124
125                <data
126                    android:host="rzp.io"
127                    android:scheme="io.rzp" />
127-->src\main\AndroidManifest.xml:56:23-66
128            </intent-filter>
129        </activity>
130
131        <service
131-->[:firebase_auth] AndroidManifest.xml:8:9-12:19
132            android:name="com.google.firebase.components.ComponentDiscoveryService"
132-->[:firebase_auth] AndroidManifest.xml:8:18-89
133            android:directBootAware="true"
133-->[com.google.firebase:firebase-common:19.3.0] AndroidManifest.xml:34:13-43
134            android:exported="false" >
134-->[com.google.firebase:firebase-messaging:20.1.7] AndroidManifest.xml:37:13-37
135            <meta-data
135-->[:firebase_auth] AndroidManifest.xml:9:13-11:85
136                android:name="com.google.firebase.components:io.flutter.plugins.firebase.auth.FlutterFirebaseAuthRegistrar"
136-->[:firebase_auth] AndroidManifest.xml:10:17-124
137                android:value="com.google.firebase.components.ComponentRegistrar" />
137-->[:firebase_auth] AndroidManifest.xml:11:17-82
138            <meta-data
138-->[:firebase_database] AndroidManifest.xml:9:13-11:85
139                android:name="com.google.firebase.components:io.flutter.plugins.firebase.database.FlutterFirebaseAppRegistrar"
139-->[:firebase_database] AndroidManifest.xml:10:17-127
140                android:value="com.google.firebase.components.ComponentRegistrar" />
140-->[:firebase_database] AndroidManifest.xml:11:17-82
141            <meta-data
141-->[:firebase_messaging] AndroidManifest.xml:14:13-16:85
142                android:name="com.google.firebase.components:io.flutter.plugins.firebasemessaging.FlutterFirebaseAppRegistrar"
142-->[:firebase_messaging] AndroidManifest.xml:15:17-127
143                android:value="com.google.firebase.components.ComponentRegistrar" />
143-->[:firebase_messaging] AndroidManifest.xml:16:17-82
144            <meta-data
144-->[:firebase_dynamic_links] AndroidManifest.xml:11:13-13:85
145                android:name="com.google.firebase.components:io.flutter.plugins.firebasedynamiclinks.FlutterFirebaseAppRegistrar"
145-->[:firebase_dynamic_links] AndroidManifest.xml:12:17-130
146                android:value="com.google.firebase.components.ComponentRegistrar" />
146-->[:firebase_dynamic_links] AndroidManifest.xml:13:17-82
147            <meta-data
147-->[:firebase_core] AndroidManifest.xml:9:13-11:85
148                android:name="com.google.firebase.components:io.flutter.plugins.firebase.core.FlutterFirebaseCoreRegistrar"
148-->[:firebase_core] AndroidManifest.xml:10:17-124
149                android:value="com.google.firebase.components.ComponentRegistrar" />
149-->[:firebase_core] AndroidManifest.xml:11:17-82
150            <meta-data
150-->[com.google.firebase:firebase-messaging:20.1.7] AndroidManifest.xml:38:13-40:85
151                android:name="com.google.firebase.components:com.google.firebase.messaging.FirebaseMessagingRegistrar"
151-->[com.google.firebase:firebase-messaging:20.1.7] AndroidManifest.xml:39:17-119
152                android:value="com.google.firebase.components.ComponentRegistrar" />
152-->[com.google.firebase:firebase-messaging:20.1.7] AndroidManifest.xml:40:17-82
153            <meta-data
153-->[com.google.firebase:firebase-auth:19.3.1] AndroidManifest.xml:36:13-38:85
154                android:name="com.google.firebase.components:com.google.firebase.auth.FirebaseAuthRegistrar"
154-->[com.google.firebase:firebase-auth:19.3.1] AndroidManifest.xml:37:17-109
155                android:value="com.google.firebase.components.ComponentRegistrar" />
155-->[com.google.firebase:firebase-auth:19.3.1] AndroidManifest.xml:38:17-82
156            <meta-data
156-->[com.google.firebase:firebase-dynamic-links:19.1.0] AndroidManifest.xml:9:13-11:85
157                android:name="com.google.firebase.components:com.google.firebase.dynamiclinks.internal.FirebaseDynamicLinkRegistrar"
157-->[com.google.firebase:firebase-dynamic-links:19.1.0] AndroidManifest.xml:10:17-133
158                android:value="com.google.firebase.components.ComponentRegistrar" />
158-->[com.google.firebase:firebase-dynamic-links:19.1.0] AndroidManifest.xml:11:17-82
159            <meta-data
159-->[com.google.firebase:firebase-database:19.3.0] AndroidManifest.xml:32:13-34:85
160                android:name="com.google.firebase.components:com.google.firebase.database.DatabaseRegistrar"
160-->[com.google.firebase:firebase-database:19.3.0] AndroidManifest.xml:33:17-109
161                android:value="com.google.firebase.components.ComponentRegistrar" />
161-->[com.google.firebase:firebase-database:19.3.0] AndroidManifest.xml:34:17-82
162            <meta-data
162-->[com.google.android.gms:play-services-measurement-api:17.4.1] AndroidManifest.xml:30:13-32:85
163                android:name="com.google.firebase.components:com.google.firebase.analytics.connector.internal.AnalyticsConnectorRegistrar"
163-->[com.google.android.gms:play-services-measurement-api:17.4.1] AndroidManifest.xml:31:17-139
164                android:value="com.google.firebase.components.ComponentRegistrar" />
164-->[com.google.android.gms:play-services-measurement-api:17.4.1] AndroidManifest.xml:32:17-82
165            <meta-data
165-->[com.google.firebase:firebase-iid:20.1.7] AndroidManifest.xml:32:13-34:85
166                android:name="com.google.firebase.components:com.google.firebase.iid.Registrar"
166-->[com.google.firebase:firebase-iid:20.1.7] AndroidManifest.xml:33:17-96
167                android:value="com.google.firebase.components.ComponentRegistrar" />
167-->[com.google.firebase:firebase-iid:20.1.7] AndroidManifest.xml:34:17-82
168            <meta-data
168-->[com.google.firebase:firebase-datatransport:17.0.3] AndroidManifest.xml:28:13-30:85
169                android:name="com.google.firebase.components:com.google.firebase.datatransport.TransportRegistrar"
169-->[com.google.firebase:firebase-datatransport:17.0.3] AndroidManifest.xml:29:17-115
170                android:value="com.google.firebase.components.ComponentRegistrar" />
170-->[com.google.firebase:firebase-datatransport:17.0.3] AndroidManifest.xml:30:17-82
171            <meta-data
171-->[com.google.firebase:firebase-installations:16.3.0] AndroidManifest.xml:17:13-19:85
172                android:name="com.google.firebase.components:com.google.firebase.installations.FirebaseInstallationsRegistrar"
172-->[com.google.firebase:firebase-installations:16.3.0] AndroidManifest.xml:18:17-127
173                android:value="com.google.firebase.components.ComponentRegistrar" />
173-->[com.google.firebase:firebase-installations:16.3.0] AndroidManifest.xml:19:17-82
174        </service>
175        <service android:name="io.flutter.plugins.firebasemessaging.FlutterFirebaseMessagingService" >
175-->[:firebase_messaging] AndroidManifest.xml:8:9-12:19
175-->[:firebase_messaging] AndroidManifest.xml:8:18-101
176            <intent-filter>
176-->[:firebase_messaging] AndroidManifest.xml:9:13-11:29
177                <action android:name="com.google.firebase.MESSAGING_EVENT" />
177-->[:firebase_messaging] AndroidManifest.xml:10:17-78
177-->[:firebase_messaging] AndroidManifest.xml:10:25-75
178            </intent-filter>
179        </service>
180
181        <provider
181-->[:share] AndroidManifest.xml:8:9-16:20
182            android:name="io.flutter.plugins.share.ShareFileProvider"
182-->[:share] AndroidManifest.xml:9:13-70
183            android:authorities="com.haraj.alshamal.flutter.share_provider"
183-->[:share] AndroidManifest.xml:10:13-74
184            android:exported="false"
184-->[:share] AndroidManifest.xml:11:13-37
185            android:grantUriPermissions="true" >
185-->[:share] AndroidManifest.xml:12:13-47
186            <meta-data
186-->[:share] AndroidManifest.xml:13:13-15:68
187                android:name="android.support.FILE_PROVIDER_PATHS"
187-->[:share] AndroidManifest.xml:14:17-67
188                android:resource="@xml/flutter_share_file_paths" />
188-->[:share] AndroidManifest.xml:15:17-65
189        </provider>
190
191        <activity
191-->[:url_launcher] AndroidManifest.xml:8:9-11:74
192            android:name="io.flutter.plugins.urllauncher.WebViewActivity"
192-->[:url_launcher] AndroidManifest.xml:9:13-74
193            android:exported="false"
193-->[:url_launcher] AndroidManifest.xml:10:13-37
194            android:theme="@android:style/Theme.NoTitleBar.Fullscreen" />
194-->[:url_launcher] AndroidManifest.xml:11:13-71
195
196        <provider
196-->[:flutter_webview_plugin] AndroidManifest.xml:9:9-18:20
197            android:name="androidx.core.content.FileProvider"
197-->[:flutter_webview_plugin] AndroidManifest.xml:10:13-62
198            android:authorities="com.haraj.alshamal.fileprovider"
198-->[:flutter_webview_plugin] AndroidManifest.xml:11:13-64
199            android:exported="false"
199-->[:flutter_webview_plugin] AndroidManifest.xml:12:13-37
200            android:grantUriPermissions="true" >
200-->[:flutter_webview_plugin] AndroidManifest.xml:13:13-47
201            <meta-data
201-->[:share] AndroidManifest.xml:13:13-15:68
202                android:name="android.support.FILE_PROVIDER_PATHS"
202-->[:share] AndroidManifest.xml:14:17-67
203                android:resource="@xml/filepaths" />
203-->[:share] AndroidManifest.xml:15:17-65
204        </provider>
205        <!--
206             FirebaseMessagingService performs security checks at runtime,
207             but set to not exported to explicitly avoid allowing another app to call it.
208        -->
209        <service
209-->[com.google.firebase:firebase-messaging:20.1.7] AndroidManifest.xml:28:9-34:19
210            android:name="com.google.firebase.messaging.FirebaseMessagingService"
210-->[com.google.firebase:firebase-messaging:20.1.7] AndroidManifest.xml:29:13-82
211            android:exported="false" >
211-->[com.google.firebase:firebase-messaging:20.1.7] AndroidManifest.xml:30:13-37
212            <intent-filter android:priority="-500" >
212-->[:firebase_messaging] AndroidManifest.xml:9:13-11:29
213                <action android:name="com.google.firebase.MESSAGING_EVENT" />
213-->[:firebase_messaging] AndroidManifest.xml:10:17-78
213-->[:firebase_messaging] AndroidManifest.xml:10:25-75
214            </intent-filter>
215        </service>
216
217        <receiver android:name="com.razorpay.RzpTokenReceiver" >
217-->[com.razorpay:checkout:1.5.16] AndroidManifest.xml:12:9-16:20
217-->[com.razorpay:checkout:1.5.16] AndroidManifest.xml:12:19-63
218            <intent-filter>
218-->[com.razorpay:checkout:1.5.16] AndroidManifest.xml:13:13-15:29
219                <action android:name="rzp.device_token.share" />
219-->[com.razorpay:checkout:1.5.16] AndroidManifest.xml:14:17-65
219-->[com.razorpay:checkout:1.5.16] AndroidManifest.xml:14:25-62
220            </intent-filter>
221        </receiver>
222
223        <activity
223-->[com.google.android.gms:play-services-auth:16.0.1] AndroidManifest.xml:23:9-27:75
224            android:name="com.google.android.gms.auth.api.signin.internal.SignInHubActivity"
224-->[com.google.android.gms:play-services-auth:16.0.1] AndroidManifest.xml:24:13-93
225            android:excludeFromRecents="true"
225-->[com.google.android.gms:play-services-auth:16.0.1] AndroidManifest.xml:25:13-46
226            android:exported="false"
226-->[com.google.android.gms:play-services-auth:16.0.1] AndroidManifest.xml:26:13-37
227            android:theme="@android:style/Theme.Translucent.NoTitleBar" />
227-->[com.google.android.gms:play-services-auth:16.0.1] AndroidManifest.xml:27:13-72
228        <!--
229            Service handling Google Sign-In user revocation. For apps that do not integrate with
230            Google Sign-In, this service will never be started.
231        -->
232        <service
232-->[com.google.android.gms:play-services-auth:16.0.1] AndroidManifest.xml:33:9-36:110
233            android:name="com.google.android.gms.auth.api.signin.RevocationBoundService"
233-->[com.google.android.gms:play-services-auth:16.0.1] AndroidManifest.xml:34:13-89
234            android:exported="true"
234-->[com.google.android.gms:play-services-auth:16.0.1] AndroidManifest.xml:35:13-36
235            android:permission="com.google.android.gms.auth.api.signin.permission.REVOCATION_NOTIFICATION" />
235-->[com.google.android.gms:play-services-auth:16.0.1] AndroidManifest.xml:36:13-107
236
237        <activity
237-->[com.google.firebase:firebase-auth:19.3.1] AndroidManifest.xml:24:9-31:50
238            android:name="com.google.firebase.auth.internal.FederatedSignInActivity"
238-->[com.google.firebase:firebase-auth:19.3.1] AndroidManifest.xml:25:13-85
239            android:excludeFromRecents="true"
239-->[com.google.firebase:firebase-auth:19.3.1] AndroidManifest.xml:26:13-46
240            android:exported="true"
240-->[com.google.firebase:firebase-auth:19.3.1] AndroidManifest.xml:27:13-36
241            android:launchMode="singleTask"
241-->[com.google.firebase:firebase-auth:19.3.1] AndroidManifest.xml:28:13-44
242            android:permission="com.google.firebase.auth.api.gms.permission.LAUNCH_FEDERATED_SIGN_IN"
242-->[com.google.firebase:firebase-auth:19.3.1] AndroidManifest.xml:29:13-102
243            android:theme="@android:style/Theme.Translucent.NoTitleBar" />
243-->[com.google.firebase:firebase-auth:19.3.1] AndroidManifest.xml:30:13-72
244
245        <receiver
245-->[com.google.firebase:firebase-iid:20.1.7] AndroidManifest.xml:37:9-44:20
246            android:name="com.google.firebase.iid.FirebaseInstanceIdReceiver"
246-->[com.google.firebase:firebase-iid:20.1.7] AndroidManifest.xml:38:13-78
247            android:exported="true"
247-->[com.google.firebase:firebase-iid:20.1.7] AndroidManifest.xml:39:13-36
248            android:permission="com.google.android.c2dm.permission.SEND" >
248-->[com.google.firebase:firebase-iid:20.1.7] AndroidManifest.xml:40:13-73
249            <intent-filter>
249-->[com.google.firebase:firebase-iid:20.1.7] AndroidManifest.xml:41:13-43:29
250                <action android:name="com.google.android.c2dm.intent.RECEIVE" />
250-->[com.google.firebase:firebase-iid:20.1.7] AndroidManifest.xml:42:17-81
250-->[com.google.firebase:firebase-iid:20.1.7] AndroidManifest.xml:42:25-78
251            </intent-filter>
252        </receiver>
253
254        <activity
254-->[com.google.android.gms:play-services-base:17.2.1] AndroidManifest.xml:23:9-26:75
255            android:name="com.google.android.gms.common.api.GoogleApiActivity"
255-->[com.google.android.gms:play-services-base:17.2.1] AndroidManifest.xml:24:13-79
256            android:exported="false"
256-->[com.google.android.gms:play-services-base:17.2.1] AndroidManifest.xml:25:13-37
257            android:theme="@android:style/Theme.Translucent.NoTitleBar" />
257-->[com.google.android.gms:play-services-base:17.2.1] AndroidManifest.xml:26:13-72
258
259        <provider
259-->[com.sangcomz:FishBun:0.11.2] AndroidManifest.xml:12:9-20:20
260            android:name="com.sangcomz.fishbun.FishBunFileProvider"
260-->[com.sangcomz:FishBun:0.11.2] AndroidManifest.xml:13:13-68
261            android:authorities="com.haraj.alshamal.fishbunfileprovider"
261-->[com.sangcomz:FishBun:0.11.2] AndroidManifest.xml:14:13-71
262            android:exported="false"
262-->[com.sangcomz:FishBun:0.11.2] AndroidManifest.xml:15:13-37
263            android:grantUriPermissions="true" >
263-->[com.sangcomz:FishBun:0.11.2] AndroidManifest.xml:16:13-47
264            <meta-data
264-->[:share] AndroidManifest.xml:13:13-15:68
265                android:name="android.support.FILE_PROVIDER_PATHS"
265-->[:share] AndroidManifest.xml:14:17-67
266                android:resource="@xml/provider_paths" />
266-->[:share] AndroidManifest.xml:15:17-65
267        </provider>
268
269        <activity
269-->[com.sangcomz:FishBun:0.11.2] AndroidManifest.xml:22:9-25:51
270            android:name="com.sangcomz.fishbun.ui.album.AlbumActivity"
270-->[com.sangcomz:FishBun:0.11.2] AndroidManifest.xml:23:13-71
271            android:label="@string/album"
271-->[com.sangcomz:FishBun:0.11.2] AndroidManifest.xml:24:13-42
272            android:theme="@style/FishBunTheme" />
272-->[com.sangcomz:FishBun:0.11.2] AndroidManifest.xml:25:13-48
273        <activity
273-->[com.sangcomz:FishBun:0.11.2] AndroidManifest.xml:26:9-28:51
274            android:name="com.sangcomz.fishbun.ui.picker.PickerActivity"
274-->[com.sangcomz:FishBun:0.11.2] AndroidManifest.xml:27:13-73
275            android:theme="@style/FishBunTheme" />
275-->[com.sangcomz:FishBun:0.11.2] AndroidManifest.xml:28:13-48
276        <activity
276-->[com.sangcomz:FishBun:0.11.2] AndroidManifest.xml:29:9-31:54
277            android:name="com.sangcomz.fishbun.ui.detail.DetailActivity"
277-->[com.sangcomz:FishBun:0.11.2] AndroidManifest.xml:30:13-73
278            android:theme="@style/DetailViewTheme" />
278-->[com.sangcomz:FishBun:0.11.2] AndroidManifest.xml:31:13-51
279        <activity android:name="com.facebook.CustomTabMainActivity" />
279-->[com.facebook.android:facebook-common:5.5.1] AndroidManifest.xml:33:9-71
279-->[com.facebook.android:facebook-common:5.5.1] AndroidManifest.xml:33:19-68
280        <!--
281         The initialization ContentProvider will call FacebookSdk.sdkInitialize automatically
282         with the application context. This config is merged in with the host app's manifest,
283         but there can only be one provider with the same authority activated at any given
284         point; so if the end user has two or more different apps that use Facebook SDK, only the
285         first one will be able to use the provider. To work around this problem, we use the
286         following placeholder in the authority to identify each host application as if it was
287         a completely different provider.
288        -->
289        <provider
289-->[com.facebook.android:facebook-core:5.5.1] AndroidManifest.xml:39:9-42:40
290            android:name="com.facebook.internal.FacebookInitProvider"
290-->[com.facebook.android:facebook-core:5.5.1] AndroidManifest.xml:40:13-70
291            android:authorities="com.haraj.alshamal.FacebookInitProvider"
291-->[com.facebook.android:facebook-core:5.5.1] AndroidManifest.xml:41:13-72
292            android:exported="false" />
292-->[com.facebook.android:facebook-core:5.5.1] AndroidManifest.xml:42:13-37
293
294        <receiver
294-->[com.facebook.android:facebook-core:5.5.1] AndroidManifest.xml:44:9-50:20
295            android:name="com.facebook.CurrentAccessTokenExpirationBroadcastReceiver"
295-->[com.facebook.android:facebook-core:5.5.1] AndroidManifest.xml:45:13-86
296            android:exported="false" >
296-->[com.facebook.android:facebook-core:5.5.1] AndroidManifest.xml:46:13-37
297            <intent-filter>
297-->[com.facebook.android:facebook-core:5.5.1] AndroidManifest.xml:47:13-49:29